#
# A fatal error has been detected by the Java Runtime Environment:
#
#  SIGSEGV (0xb) at pc=0x000000012c9543fd, pid=4460, tid=1811
#
# JRE version: Java(TM) SE Runtime Environment (8.0_20-b26) (build 1.8.0_20-b26)
# Java VM: Java HotSpot(TM) 64-Bit Server VM (25.20-b23 mixed mode bsd-amd64 compressed oops)
# Problematic frame:
# C  [libglass.dylib+0x163fd]  GlassScreenDidChangeScreenParameters+0x9d
#
# Failed to write core dump. Core dumps have been disabled. To enable core dumping, try "ulimit -c unlimited" before starting Java again
#
# If you would like to submit a bug report, please visit:
#   http://bugreport.sun.com/bugreport/crash.jsp
#

---------------  T H R E A D  ---------------

Current thread is native thread

siginfo: si_signo: 11 (SIGSEGV), si_code: 1 (SEGV_MAPERR), si_addr: 0x0000000000000000

Registers:
RAX=0x000000012c986e40, RBX=0x0000000000000000, RCX=0x3e007db5abc47ab0, RDX=0x00007fcc44a3b4f0
RSP=0x00007fff53c8b5d0, RBP=0x00007fff53c8b5e0, RSI=0x00007fcc44800430, RDI=0x0000000000000000
R8 =0x00007fff53c8b480, R9 =0x00007fff7c4f2300, R10=0x0000000000000000, R11=0x0000000000000246
R12=0x00007fcc44b00a60, R13=0x00000000000f426a, R14=0x00007fcc4486ad60, R15=0x00007fff53c8b720
RIP=0x000000012c9543fd, EFLAGS=0x0000000000010206, ERR=0x0000000000000004
  TRAPNO=0x000000000000000e

Top of Stack: (sp=0x00007fff53c8b5d0)
0x00007fff53c8b5d0:   00007fff53c8b7b0 00007fcc4486ad60
0x00007fff53c8b5e0:   00007fff53c8b5f0 00007fff8fbd645c
0x00007fff53c8b5f0:   00007fff53c8b950 00007fff8fac6634
0x00007fff53c8b600:   00007fff53c8b650 0000000000000a00
0x00007fff53c8b610:   00007fff7b0b6ed0 00007fcc44b43fa0
0x00007fff53c8b620:   0000000000001001 00000000000008b8
0x00007fff53c8b630:   00007fcc44b43fa0 00007fcc4486ad60
0x00007fff53c8b640:   0000000000000000 00007fff53c8b720
0x00007fff53c8b650:   0000000000000000 00007fcc4486ad20
0x00007fff53c8b660:   00007fff53c8b7a0 000000000000005d
0x00007fff53c8b670:   00000000000f4325 00007fcc3341ae50
0x00007fff53c8b680:   00007fcc425446b0 00007fcc44b00a60
0x00007fff53c8b690:   0000000000000001 00000000000f426a
0x00007fff53c8b6a0:   00007fcc44b00a50 00007fff9520cacb
0x00007fff53c8b6b0:   0000000000000001 0000000000000001
0x00007fff53c8b6c0:   0000000000000030 0000000000000001
0x00007fff53c8b6d0:   00007fff53c8b6f0 00007fff95212231
0x00007fff53c8b6e0:   00007fff7b0b4fb0 0000000000000000
0x00007fff53c8b6f0:   00007fff53c8b710 0000000000000017
0x00007fff53c8b700:   0004ce039520c53e 00007fcc44b00a84
0x00007fff53c8b710:   0000000000000000 00007fff8fabc10f
0x00007fff53c8b720:   00007fcc4486ad60 00007fff7b0b4fb0
0x00007fff53c8b730:   00007fff53c8b7b0 0000000000000004
0x00007fff53c8b740:   00007fff53c8b780 00007fff9520c53e
0x00007fff53c8b750:   000000010bf8ea00 0000000000000002
0x00007fff53c8b760:   000000010bf8b000 00007fcc334193f2
0x00007fff53c8b770:   0000000000000003 000000010bf8f400
0x00007fff53c8b780:   00007fff53c8b870 00007fff9520b2a2
0x00007fff53c8b790:   00007fcc42544220 00007fff53c8b958
0x00007fff53c8b7a0:   0000000000000017 0000000000000000
0x00007fff53c8b7b0:   00000000000f426a 00007fff8fabc403
0x00007fff53c8b7c0:   00007fff00000000 00007fcc44a30f10 

Instructions: (pc=0x000000012c9543fd)
0x000000012c9543dd:   89 df 4c 89 f1 41 ff 90 68 04 00 00 48 8d 05 58
0x000000012c9543ed:   29 03 00 48 8b 30 48 8d 05 46 2a 03 00 48 8b 10
0x000000012c9543fd:   48 8b 0b 30 c0 48 89 df ff 91 68 04 00 00 48 8b
0x000000012c95440d:   03 48 89 df ff 50 78 48 85 c0 74 36 49 89 c6 48 

Register to memory mapping:

RAX=0x000000012c986e40: jScreenNotifySettingsChanged+0 in /Library/Java/JavaVirtualMachines/jdk1.8.0_20.jdk/Contents/Home/jre/lib/libglass.dylib at 0x000000012c93e000
RBX=0x0000000000000000 is an unknown value
RCX=0x3e007db5abc47ab0 is an unknown value
RDX=0x00007fcc44a3b4f0 is an unknown value
RSP=0x00007fff53c8b5d0 is an unknown value
RBP=0x00007fff53c8b5e0 is an unknown value
RSI=0x00007fcc44800430 is a global jni handle
RDI=0x0000000000000000 is an unknown value
R8 =0x00007fff53c8b480 is an unknown value
R9 =0x00007fff7c4f2300: _thread+0 in /usr/lib/system/libsystem_pthread.dylib at 0x00007fff98ac6000
R10=0x0000000000000000 is an unknown value
R11=0x0000000000000246 is an unknown value
R12=0x00007fcc44b00a60 is an unknown value
R13=0x00000000000f426a is an unknown value
R14=0x00007fcc4486ad60 is an unknown value
R15=0x00007fff53c8b720 is an unknown value


Stack: [0x00007fff5348f000,0x00007fff53c8f000],  sp=0x00007fff53c8b5d0,  free space=8177k
Native frames: (J=compiled Java code, j=interpreted, Vv=VM code, C=native code)
C  [libglass.dylib+0x163fd]  GlassScreenDidChangeScreenParameters+0x9d
C  [CoreFoundation+0x12045c]  __CFNOTIFICATIONCENTER_IS_CALLING_OUT_TO_AN_OBSERVER__+0xc
C  [CoreFoundation+0x10634]  _CFXNotificationPost+0xc44
C  [Foundation+0x79d1]  -[NSNotificationCenter postNotificationName:object:userInfo:]+0x42
C  [AppKit+0x40df7e]  -[NSApplication _reactToScreenInvalidationImmediately:]+0x17b
C  [AppKit+0x40ddc7]  __44-[NSApplication _reactToScreenInvalidation:]_block_invoke+0x4b
C  [CoreFoundation+0x808ec]  __CFRUNLOOP_IS_CALLING_OUT_TO_A_BLOCK__+0xc
C  [CoreFoundation+0x729f5]  __CFRunLoopDoBlocks+0x155
C  [CoreFoundation+0x72536]  __CFRunLoopRun+0x716
C  [CoreFoundation+0x71bd8]  CFRunLoopRunSpecific+0x128
C  [java+0x56cc]  CreateExecutionEnvironment+0x367
C  [java+0x165c]  JLI_Launch+0x7a0
C  [java+0x768a]  main+0x65
C  [java+0xeb4]  start+0x34


---------------  P R O C E S S  ---------------

VM state:not at safepoint (normal execution)

VM Mutex/Monitor currently owned by a thread: None

Heap:
 PSYoungGen      total 31232K, used 11633K [0x000000076ab00000, 0x000000076ca80000, 0x00000007c0000000)
  eden space 30208K, 37% used [0x000000076ab00000,0x000000076b5f8528,0x000000076c880000)
  from space 1024K, 39% used [0x000000076c980000,0x000000076c9e4050,0x000000076ca80000)
  to   space 1024K, 0% used [0x000000076c880000,0x000000076c880000,0x000000076c980000)
 ParOldGen       total 175104K, used 129592K [0x00000006c0000000, 0x00000006cab00000, 0x000000076ab00000)
  object space 175104K, 74% used [0x00000006c0000000,0x00000006c7e8e3d0,0x00000006cab00000)
 Metaspace       used 16065K, capacity 16538K, committed 16768K, reserved 1064960K
  class space    used 2050K, capacity 2154K, committed 2176K, reserved 1048576K

Card table byte_map: [0x000000011d4db000,0x000000011dcdc000] byte_map_base: 0x0000000119edb000

Marking Bits: (ParMarkBitMap*) 0x000000010da9c330
 Begin Bits: [0x000000011ea4a000, 0x0000000122a4a000)
 End Bits:   [0x0000000122a4a000, 0x0000000126a4a000)

Polling page: 0x000000010c1cb000

CodeCache: size=245760Kb used=7686Kb max_used=9281Kb free=238073Kb
 bounds [0x000000010e11b000, 0x000000010ea6b000, 0x000000011d11b000]
 total_blobs=3144 nmethods=2501 adapters=556
 compilation: enabled

Compilation events (10 events):
Event: 660.049 Thread 0x00007fcc4585d000 3049       3       java.lang.Class::checkInitted (19 bytes)
Event: 660.049 Thread 0x00007fcc4585d000 nmethod 3049 0x000000010e747cd0 code [0x000000010e747e60, 0x000000010e748128]
Event: 660.058 Thread 0x00007fcc4585d000 3050       3       java.lang.invoke.MethodType::insertParameterTypes (106 bytes)
Event: 660.059 Thread 0x00007fcc4585d000 nmethod 3050 0x000000010ea2a5d0 code [0x000000010ea2a880, 0x000000010ea2bb68]
Event: 660.059 Thread 0x00007fcc4585d000 3051       3       java.lang.invoke.LambdaForm::signatureReturn (11 bytes)
Event: 660.059 Thread 0x00007fcc4585d000 nmethod 3051 0x000000010e477d90 code [0x000000010e477f40, 0x000000010e478478]
Event: 660.059 Thread 0x00007fcc4585d000 3052       3       java.lang.invoke.DirectMethodHandle::make (199 bytes)
Event: 660.060 Thread 0x00007fcc4585d000 nmethod 3052 0x000000010e759190 code [0x000000010e7594c0, 0x000000010e75acc8]
Event: 678.449 Thread 0x00007fcc4585d000 3053       1       java.util.concurrent.atomic.AtomicInteger::decrementAndGet (14 bytes)
Event: 678.449 Thread 0x00007fcc4585d000 nmethod 3053 0x000000010e886e50 code [0x000000010e886fa0, 0x000000010e8870b0]

GC Heap History (10 events):
Event: 655.223 GC heap before
{Heap before GC invocations=550 (full 0):
 PSYoungGen      total 31232K, used 30752K [0x000000076ab00000, 0x000000076ca80000, 0x00000007c0000000)
  eden space 30208K, 100% used [0x000000076ab00000,0x000000076c880000,0x000000076c880000)
  from space 1024K, 53% used [0x000000076c880000,0x000000076c9080c0,0x000000076c980000)
  to   space 1024K, 0% used [0x000000076c980000,0x000000076c980000,0x000000076ca80000)
 ParOldGen       total 175104K, used 128632K [0x00000006c0000000, 0x00000006cab00000, 0x000000076ab00000)
  object space 175104K, 73% used [0x00000006c0000000,0x00000006c7d9e1d0,0x00000006cab00000)
 Metaspace       used 16025K, capacity 16444K, committed 16512K, reserved 1062912K
  class space    used 2046K, capacity 2147K, committed 2176K, reserved 1048576K
Event: 655.225 GC heap after
Heap after GC invocations=550 (full 0):
 PSYoungGen      total 31232K, used 400K [0x000000076ab00000, 0x000000076ca80000, 0x00000007c0000000)
  eden space 30208K, 0% used [0x000000076ab00000,0x000000076ab00000,0x000000076c880000)
  from space 1024K, 39% used [0x000000076c980000,0x000000076c9e4050,0x000000076ca80000)
  to   space 1024K, 0% used [0x000000076c880000,0x000000076c880000,0x000000076c980000)
 ParOldGen       total 175104K, used 128856K [0x00000006c0000000, 0x00000006cab00000, 0x000000076ab00000)
  object space 175104K, 73% used [0x00000006c0000000,0x00000006c7dd6250,0x00000006cab00000)
 Metaspace       used 16025K, capacity 16444K, committed 16512K, reserved 1062912K
  class space    used 2046K, capacity 2147K, committed 2176K, reserved 1048576K
}
Event: 656.338 GC heap before
{Heap before GC invocations=551 (full 0):
 PSYoungGen      total 31232K, used 30608K [0x000000076ab00000, 0x000000076ca80000, 0x00000007c0000000)
  eden space 30208K, 100% used [0x000000076ab00000,0x000000076c880000,0x000000076c880000)
  from space 1024K, 39% used [0x000000076c980000,0x000000076c9e4050,0x000000076ca80000)
  to   space 1024K, 0% used [0x000000076c880000,0x000000076c880000,0x000000076c980000)
 ParOldGen       total 175104K, used 128856K [0x00000006c0000000, 0x00000006cab00000, 0x000000076ab00000)
  object space 175104K, 73% used [0x00000006c0000000,0x00000006c7dd6250,0x00000006cab00000)
 Metaspace       used 16025K, capacity 16444K, committed 16512K, reserved 1062912K
  class space    used 2046K, capacity 2147K, committed 2176K, reserved 1048576K
Event: 656.340 GC heap after
Heap after GC invocations=551 (full 0):
 PSYoungGen      total 31232K, used 448K [0x000000076ab00000, 0x000000076ca80000, 0x00000007c0000000)
  eden space 30208K, 0% used [0x000000076ab00000,0x000000076ab00000,0x000000076c880000)
  from space 1024K, 43% used [0x000000076c880000,0x000000076c8f0060,0x000000076c980000)
  to   space 1024K, 0% used [0x000000076c980000,0x000000076c980000,0x000000076ca80000)
 ParOldGen       total 175104K, used 128936K [0x00000006c0000000, 0x00000006cab00000, 0x000000076ab00000)
  object space 175104K, 73% used [0x00000006c0000000,0x00000006c7dea250,0x00000006cab00000)
 Metaspace       used 16025K, capacity 16444K, committed 16512K, reserved 1062912K
  class space    used 2046K, capacity 2147K, committed 2176K, reserved 1048576K
}
Event: 657.451 GC heap before
{Heap before GC invocations=552 (full 0):
 PSYoungGen      total 31232K, used 30656K [0x000000076ab00000, 0x000000076ca80000, 0x00000007c0000000)
  eden space 30208K, 100% used [0x000000076ab00000,0x000000076c880000,0x000000076c880000)
  from space 1024K, 43% used [0x000000076c880000,0x000000076c8f0060,0x000000076c980000)
  to   space 1024K, 0% used [0x000000076c980000,0x000000076c980000,0x000000076ca80000)
 ParOldGen       total 175104K, used 128936K [0x00000006c0000000, 0x00000006cab00000, 0x000000076ab00000)
  object space 175104K, 73% used [0x00000006c0000000,0x00000006c7dea250,0x00000006cab00000)
 Metaspace       used 16025K, capacity 16444K, committed 16512K, reserved 1062912K
  class space    used 2046K, capacity 2147K, committed 2176K, reserved 1048576K
Event: 657.453 GC heap after
Heap after GC invocations=552 (full 0):
 PSYoungGen      total 31232K, used 512K [0x000000076ab00000, 0x000000076ca80000, 0x00000007c0000000)
  eden space 30208K, 0% used [0x000000076ab00000,0x000000076ab00000,0x000000076c880000)
  from space 1024K, 50% used [0x000000076c980000,0x000000076ca00080,0x000000076ca80000)
  to   space 1024K, 0% used [0x000000076c880000,0x000000076c880000,0x000000076c980000)
 ParOldGen       total 175104K, used 129152K [0x00000006c0000000, 0x00000006cab00000, 0x000000076ab00000)
  object space 175104K, 73% used [0x00000006c0000000,0x00000006c7e202d0,0x00000006cab00000)
 Metaspace       used 16025K, capacity 16444K, committed 16512K, reserved 1062912K
  class space    used 2046K, capacity 2147K, committed 2176K, reserved 1048576K
}
Event: 658.539 GC heap before
{Heap before GC invocations=553 (full 0):
 PSYoungGen      total 31232K, used 30720K [0x000000076ab00000, 0x000000076ca80000, 0x00000007c0000000)
  eden space 30208K, 100% used [0x000000076ab00000,0x000000076c880000,0x000000076c880000)
  from space 1024K, 50% used [0x000000076c980000,0x000000076ca00080,0x000000076ca80000)
  to   space 1024K, 0% used [0x000000076c880000,0x000000076c880000,0x000000076c980000)
 ParOldGen       total 175104K, used 129152K [0x00000006c0000000, 0x00000006cab00000, 0x000000076ab00000)
  object space 175104K, 73% used [0x00000006c0000000,0x00000006c7e202d0,0x00000006cab00000)
 Metaspace       used 16025K, capacity 16444K, committed 16512K, reserved 1062912K
  class space    used 2046K, capacity 2147K, committed 2176K, reserved 1048576K
Event: 658.541 GC heap after
Heap after GC invocations=553 (full 0):
 PSYoungGen      total 31232K, used 592K [0x000000076ab00000, 0x000000076ca80000, 0x00000007c0000000)
  eden space 30208K, 0% used [0x000000076ab00000,0x000000076ab00000,0x000000076c880000)
  from space 1024K, 57% used [0x000000076c880000,0x000000076c9140b0,0x000000076c980000)
  to   space 1024K, 0% used [0x000000076c980000,0x000000076c980000,0x000000076ca80000)
 ParOldGen       total 175104K, used 129376K [0x00000006c0000000, 0x00000006cab00000, 0x000000076ab00000)
  object space 175104K, 73% used [0x00000006c0000000,0x00000006c7e58350,0x00000006cab00000)
 Metaspace       used 16025K, capacity 16444K, committed 16512K, reserved 1062912K
  class space    used 2046K, capacity 2147K, committed 2176K, reserved 1048576K
}
Event: 659.658 GC heap before
{Heap before GC invocations=554 (full 0):
 PSYoungGen      total 31232K, used 30800K [0x000000076ab00000, 0x000000076ca80000, 0x00000007c0000000)
  eden space 30208K, 100% used [0x000000076ab00000,0x000000076c880000,0x000000076c880000)
  from space 1024K, 57% used [0x000000076c880000,0x000000076c9140b0,0x000000076c980000)
  to   space 1024K, 0% used [0x000000076c980000,0x000000076c980000,0x000000076ca80000)
 ParOldGen       total 175104K, used 129376K [0x00000006c0000000, 0x00000006cab00000, 0x000000076ab00000)
  object space 175104K, 73% used [0x00000006c0000000,0x00000006c7e58350,0x00000006cab00000)
 Metaspace       used 16037K, capacity 16444K, committed 16512K, reserved 1062912K
  class space    used 2046K, capacity 2147K, committed 2176K, reserved 1048576K
Event: 659.660 GC heap after
Heap after GC invocations=554 (full 0):
 PSYoungGen      total 31232K, used 400K [0x000000076ab00000, 0x000000076ca80000, 0x00000007c0000000)
  eden space 30208K, 0% used [0x000000076ab00000,0x000000076ab00000,0x000000076c880000)
  from space 1024K, 39% used [0x000000076c980000,0x000000076c9e4050,0x000000076ca80000)
  to   space 1024K, 0% used [0x000000076c880000,0x000000076c880000,0x000000076c980000)
 ParOldGen       total 175104K, used 129592K [0x00000006c0000000, 0x00000006cab00000, 0x000000076ab00000)
  object space 175104K, 74% used [0x00000006c0000000,0x00000006c7e8e3d0,0x00000006cab00000)
 Metaspace       used 16037K, capacity 16444K, committed 16512K, reserved 1062912K
  class space    used 2046K, capacity 2147K, committed 2176K, reserved 1048576K
}

Deoptimization events (10 events):
Event: 658.477 Thread 0x00007fcc46801000 Uncommon trap: reason=bimorphic action=maybe_recompile pc=0x000000010e7940e0 method=javafx.scene.Parent.layout()V @ 55
Event: 660.039 Thread 0x00007fcc46801000 Uncommon trap: reason=null_check action=make_not_entrant pc=0x000000010e440880 method=com.sun.javafx.tk.quantum.GlassScene.getClearColor()Lcom/sun/prism/paint/Color; @ 4
Event: 660.040 Thread 0x00007fcc4605a800 Uncommon trap: reason=class_check action=maybe_recompile pc=0x000000010e2b2664 method=java.util.concurrent.ThreadPoolExecutor.getTask()Ljava/lang/Runnable; @ 154
Event: 660.040 Thread 0x00007fcc4605a800 Uncommon trap: reason=class_check action=maybe_recompile pc=0x000000010e3017a4 method=java.util.concurrent.Executors$RunnableAdapter.call()Ljava/lang/Object; @ 4
Event: 660.040 Thread 0x00007fcc4605a800 Uncommon trap: reason=class_check action=maybe_recompile pc=0x000000010e516a9c method=com.sun.prism.es2.ES2TextureResource.free()V @ 11
Event: 660.040 Thread 0x00007fcc4605a800 Uncommon trap: reason=class_check action=maybe_recompile pc=0x000000010e9935fc method=com.sun.prism.es2.ES2TextureData.dispose()V @ 8
Event: 660.042 Thread 0x00007fcc46801000 Uncommon trap: reason=null_check action=make_not_entrant pc=0x000000010e940468 method=com.sun.javafx.css.StyleManager.getCacheContainer(Ljavafx/css/Styleable;Ljavafx/scene/SubScene;)Lcom/sun/javafx/css/StyleManager$CacheContainer; @ 100
Event: 660.049 Thread 0x00007fcc46801000 Uncommon trap: reason=uninitialized action=reinterpret pc=0x000000010ea5d288 method=com.sun.javafx.application.PlatformImpl.checkIdle()V @ 127
Event: 660.049 Thread 0x00007fcc46801000 Uncommon trap: reason=unreached action=reinterpret pc=0x000000010e370188 method=java.security.AccessControlContext.optimize()Ljava/security/AccessControlContext; @ 83
Event: 660.049 Thread 0x00007fcc46801000 Uncommon trap: reason=unreached action=reinterpret pc=0x000000010e45e30c method=java.security.AccessControlContext.combine([Ljava/security/ProtectionDomain;[Ljava/security/ProtectionDomain;)[Ljava/security/ProtectionDomain; @ 11

Internal exceptions (10 events):
Event: 4.243 Thread 0x00007fcc46801000 Exception <a 'java/security/PrivilegedActionException'> (0x000000076d1ac740) thrown at [/HUDSON3/workspace/8-2-build-macosx-x86_64/jdk8u20/1074/hotspot/src/share/vm/prims/jvm.cpp, line 1275]
Event: 4.243 Thread 0x00007fcc46801000 Exception <a 'java/security/PrivilegedActionException'> (0x000000076d1b0920) thrown at [/HUDSON3/workspace/8-2-build-macosx-x86_64/jdk8u20/1074/hotspot/src/share/vm/prims/jvm.cpp, line 1275]
Event: 4.244 Thread 0x00007fcc46801000 Exception <a 'java/security/PrivilegedActionException'> (0x000000076d1b4ed0) thrown at [/HUDSON3/workspace/8-2-build-macosx-x86_64/jdk8u20/1074/hotspot/src/share/vm/prims/jvm.cpp, line 1275]
Event: 4.244 Thread 0x00007fcc46801000 Exception <a 'java/security/PrivilegedActionException'> (0x000000076d1b9380) thrown at [/HUDSON3/workspace/8-2-build-macosx-x86_64/jdk8u20/1074/hotspot/src/share/vm/prims/jvm.cpp, line 1275]
Event: 4.254 Thread 0x00007fcc46801000 Exception <a 'java/security/PrivilegedActionException'> (0x000000076d1c5940) thrown at [/HUDSON3/workspace/8-2-build-macosx-x86_64/jdk8u20/1074/hotspot/src/share/vm/prims/jvm.cpp, line 1275]
Event: 5.215 Thread 0x00007fcc4605a800 Implicit null exception at 0x000000010e6cb195 to 0x000000010e6cb1d5
Event: 5.215 Thread 0x00007fcc4605a800 Implicit null exception at 0x000000010e6d76b0 to 0x000000010e6d76f5
Event: 660.039 Thread 0x00007fcc46801000 Implicit null exception at 0x000000010e4402f6 to 0x000000010e44086d
Event: 660.049 Thread 0x00007fcc46801000 Implicit null exception at 0x000000010e36fa9a to 0x000000010e370179
Event: 660.049 Thread 0x00007fcc46801000 Implicit null exception at 0x000000010e45dedf to 0x000000010e45e2f5

Events (10 events):
Event: 660.057 loading class javafx/application/Application done
Event: 660.059 loading class com/sun/javafx/tk/quantum/QuantumRenderer
Event: 660.059 loading class com/sun/javafx/tk/quantum/QuantumRenderer done
Event: 660.059 loading class com/sun/javafx/tk/quantum/QuantumToolkit
Event: 660.059 loading class com/sun/javafx/tk/quantum/QuantumToolkit done
Event: 660.060 Thread 0x00007fcc4605a800 Thread exited: 0x00007fcc4605a800
Event: 660.060 Thread 0x00007fcc45891800 Thread exited: 0x00007fcc45891800
Event: 660.060 Thread 0x00007fcc45800000 Thread exited: 0x00007fcc45800000
Event: 660.060 Thread 0x00007fcc45800000 Thread added: 0x00007fcc45800000
Event: 660.060 Thread 0x00007fcc46801000 Thread exited: 0x00007fcc46801000


Dynamic libraries:
0x000000000a14a000 	/System/Library/Frameworks/Cocoa.framework/Versions/A/Cocoa
0x000000000a14a000 	/System/Library/Frameworks/Security.framework/Versions/A/Security
0x000000000a14a000 	/System/Library/Frameworks/ApplicationServices.framework/Versions/A/ApplicationServices
0x000000000a14a000 	/usr/lib/libz.1.dylib
0x000000000a14a000 	/usr/lib/libSystem.B.dylib
0x000000000a14a000 	/usr/lib/libobjc.A.dylib
0x000000000a14a000 	/System/Library/Frameworks/CoreFoundation.framework/Versions/A/CoreFoundation
0x000000000a14a000 	/System/Library/Frameworks/Foundation.framework/Versions/C/Foundation
0x000000000a14a000 	/System/Library/Frameworks/AppKit.framework/Versions/C/AppKit
0x000000000a14a000 	/System/Library/Frameworks/CoreData.framework/Versions/A/CoreData
0x000000000a14a000 	/System/Library/PrivateFrameworks/RemoteViewServices.framework/Versions/A/RemoteViewServices
0x000000000a14a000 	/System/Library/PrivateFrameworks/UIFoundation.framework/Versions/A/UIFoundation
0x000000000a14a000 	/System/Library/Frameworks/IOSurface.framework/Versions/A/IOSurface
0x000000000a14a000 	/System/Library/Frameworks/AudioToolbox.framework/Versions/A/AudioToolbox
0x000000000a14a000 	/System/Library/Frameworks/AudioUnit.framework/Versions/A/AudioUnit
0x000000000a14a000 	/System/Library/PrivateFrameworks/DataDetectorsCore.framework/Versions/A/DataDetectorsCore
0x000000000a14a000 	/System/Library/PrivateFrameworks/DesktopServicesPriv.framework/Versions/A/DesktopServicesPriv
0x000000000a14a000 	/System/Library/Frameworks/Carbon.framework/Versions/A/Frameworks/HIToolbox.framework/Versions/A/HIToolbox
0x000000000a14a000 	/System/Library/Frameworks/QuartzCore.framework/Versions/A/QuartzCore
0x000000000a14a000 	/System/Library/Frameworks/Carbon.framework/Versions/A/Frameworks/SpeechRecognition.framework/Versions/A/SpeechRecognition
0x000000000a14a000 	/usr/lib/libauto.dylib
0x000000000a14a000 	/usr/lib/libicucore.A.dylib
0x000000000a14a000 	/usr/lib/libxml2.2.dylib
0x000000000a14a000 	/System/Library/PrivateFrameworks/CoreUI.framework/Versions/A/CoreUI
0x000000000a14a000 	/System/Library/Frameworks/CoreAudio.framework/Versions/A/CoreAudio
0x000000000a14a000 	/System/Library/Frameworks/DiskArbitration.framework/Versions/A/DiskArbitration
0x000000000a14a000 	/usr/lib/liblangid.dylib
0x000000000a14a000 	/System/Library/PrivateFrameworks/MultitouchSupport.framework/Versions/A/MultitouchSupport
0x000000000a14a000 	/System/Library/Frameworks/IOKit.framework/Versions/A/IOKit
0x000000000a14a000 	/usr/lib/libDiagnosticMessagesClient.dylib
0x000000000a14a000 	/System/Library/Frameworks/CoreServices.framework/Versions/A/CoreServices
0x000000000a14a000 	/System/Library/PrivateFrameworks/PerformanceAnalysis.framework/Versions/A/PerformanceAnalysis
0x000000000a14a000 	/System/Library/PrivateFrameworks/GenerationalStorage.framework/Versions/A/GenerationalStorage
0x000000000a14a000 	/System/Library/Frameworks/OpenGL.framework/Versions/A/OpenGL
0x000000000a14a000 	/System/Library/PrivateFrameworks/Sharing.framework/Versions/A/Sharing
0x000000000a14a000 	/System/Library/Frameworks/CoreGraphics.framework/Versions/A/CoreGraphics
0x000000000a14a000 	/System/Library/Frameworks/CoreText.framework/Versions/A/CoreText
0x000000000a14a000 	/System/Library/Frameworks/ImageIO.framework/Versions/A/ImageIO
0x000000000a14a000 	/usr/lib/libextension.dylib
0x000000000a14a000 	/System/Library/PrivateFrameworks/Backup.framework/Versions/A/Backup
0x000000000a14a000 	/usr/lib/libarchive.2.dylib
0x000000000a14a000 	/System/Library/Frameworks/CFNetwork.framework/Versions/A/CFNetwork
0x000000000a14a000 	/System/Library/Frameworks/SystemConfiguration.framework/Versions/A/SystemConfiguration
0x000000000a14a000 	/usr/lib/libCRFSuite.dylib
0x000000000a14a000 	/usr/lib/libc++.1.dylib
0x000000000a14a000 	/usr/lib/libc++abi.dylib
0x000000000a14a000 	/usr/lib/system/libcache.dylib
0x000000000a14a000 	/usr/lib/system/libcommonCrypto.dylib
0x000000000a14a000 	/usr/lib/system/libcompiler_rt.dylib
0x000000000a14a000 	/usr/lib/system/libcopyfile.dylib
0x000000000a14a000 	/usr/lib/system/libcorecrypto.dylib
0x000000000a14a000 	/usr/lib/system/libdispatch.dylib
0x000000000a14a000 	/usr/lib/system/libdyld.dylib
0x000000000a14a000 	/usr/lib/system/libkeymgr.dylib
0x000000000a14a000 	/usr/lib/system/liblaunch.dylib
0x000000000a14a000 	/usr/lib/system/libmacho.dylib
0x000000000a14a000 	/usr/lib/system/libquarantine.dylib
0x000000000a14a000 	/usr/lib/system/libremovefile.dylib
0x000000000a14a000 	/usr/lib/system/libsystem_asl.dylib
0x000000000a14a000 	/usr/lib/system/libsystem_blocks.dylib
0x000000000a14a000 	/usr/lib/system/libsystem_c.dylib
0x000000000a14a000 	/usr/lib/system/libsystem_configuration.dylib
0x000000000a14a000 	/usr/lib/system/libsystem_coreservices.dylib
0x000000000a14a000 	/usr/lib/system/libsystem_coretls.dylib
0x000000000a14a000 	/usr/lib/system/libsystem_dnssd.dylib
0x000000000a14a000 	/usr/lib/system/libsystem_info.dylib
0x000000000a14a000 	/usr/lib/system/libsystem_kernel.dylib
0x000000000a14a000 	/usr/lib/system/libsystem_m.dylib
0x000000000a14a000 	/usr/lib/system/libsystem_malloc.dylib
0x000000000a14a000 	/usr/lib/system/libsystem_network.dylib
0x000000000a14a000 	/usr/lib/system/libsystem_networkextension.dylib
0x000000000a14a000 	/usr/lib/system/libsystem_notify.dylib
0x000000000a14a000 	/usr/lib/system/libsystem_platform.dylib
0x000000000a14a000 	/usr/lib/system/libsystem_pthread.dylib
0x000000000a14a000 	/usr/lib/system/libsystem_sandbox.dylib
0x000000000a14a000 	/usr/lib/system/libsystem_secinit.dylib
0x000000000a14a000 	/usr/lib/system/libsystem_stats.dylib
0x000000000a14a000 	/usr/lib/system/libsystem_trace.dylib
0x000000000a14a000 	/usr/lib/system/libunc.dylib
0x000000000a14a000 	/usr/lib/system/libunwind.dylib
0x000000000a14a000 	/usr/lib/system/libxpc.dylib
0x000000000a14a000 	/usr/lib/libbz2.1.0.dylib
0x000000000a14a000 	/usr/lib/liblzma.5.dylib
0x000000000a14a000 	/usr/lib/libbsm.0.dylib
0x000000000a14a000 	/usr/lib/libsqlite3.dylib
0x000000000a14a000 	/usr/lib/system/libkxld.dylib
0x000000000a14a000 	/usr/lib/libxar.1.dylib
0x000000000a14a000 	/usr/lib/libpam.2.dylib
0x000000000a14a000 	/usr/lib/libOpenScriptingUtil.dylib
0x000000000a14a000 	/System/Library/Frameworks/CoreServices.framework/Versions/A/Frameworks/FSEvents.framework/Versions/A/FSEvents
0x000000000a14a000 	/System/Library/Frameworks/CoreServices.framework/Versions/A/Frameworks/CarbonCore.framework/Versions/A/CarbonCore
0x000000000a14a000 	/System/Library/Frameworks/CoreServices.framework/Versions/A/Frameworks/Metadata.framework/Versions/A/Metadata
0x000000000a14a000 	/System/Library/Frameworks/CoreServices.framework/Versions/A/Frameworks/OSServices.framework/Versions/A/OSServices
0x000000000a14a000 	/System/Library/Frameworks/CoreServices.framework/Versions/A/Frameworks/SearchKit.framework/Versions/A/SearchKit
0x000000000a14a000 	/System/Library/Frameworks/CoreServices.framework/Versions/A/Frameworks/AE.framework/Versions/A/AE
0x000000000a14a000 	/System/Library/Frameworks/CoreServices.framework/Versions/A/Frameworks/LaunchServices.framework/Versions/A/LaunchServices
0x000000000a14a000 	/System/Library/Frameworks/CoreServices.framework/Versions/A/Frameworks/DictionaryServices.framework/Versions/A/DictionaryServices
0x000000000a14a000 	/System/Library/Frameworks/NetFS.framework/Versions/A/NetFS
0x000000000a14a000 	/System/Library/PrivateFrameworks/NetAuth.framework/Versions/A/NetAuth
0x000000000a14a000 	/System/Library/PrivateFrameworks/login.framework/Versions/A/Frameworks/loginsupport.framework/Versions/A/loginsupport
0x000000000a14a000 	/System/Library/PrivateFrameworks/TCC.framework/Versions/A/TCC
0x000000000a14a000 	/usr/lib/libmecabra.dylib
0x000000000a14a000 	/System/Library/Frameworks/ApplicationServices.framework/Versions/A/Frameworks/ATS.framework/Versions/A/ATS
0x000000000a14a000 	/System/Library/Frameworks/ApplicationServices.framework/Versions/A/Frameworks/ColorSync.framework/Versions/A/ColorSync
0x000000000a14a000 	/System/Library/Frameworks/ApplicationServices.framework/Versions/A/Frameworks/HIServices.framework/Versions/A/HIServices
0x000000000a14a000 	/System/Library/Frameworks/ApplicationServices.framework/Versions/A/Frameworks/LangAnalysis.framework/Versions/A/LangAnalysis
0x000000000a14a000 	/System/Library/Frameworks/ApplicationServices.framework/Versions/A/Frameworks/PrintCore.framework/Versions/A/PrintCore
0x000000000a14a000 	/System/Library/Frameworks/ApplicationServices.framework/Versions/A/Frameworks/QD.framework/Versions/A/QD
0x000000000a14a000 	/System/Library/Frameworks/ApplicationServices.framework/Versions/A/Frameworks/SpeechSynthesis.framework/Versions/A/SpeechSynthesis
0x000000000a14a000 	/System/Library/Frameworks/Accelerate.framework/Versions/A/Accelerate
0x000000000a14a000 	/System/Library/Frameworks/Accelerate.framework/Versions/A/Frameworks/vImage.framework/Versions/A/vImage
0x000000000a14a000 	/System/Library/Frameworks/Accelerate.framework/Versions/A/Frameworks/vecLib.framework/Versions/A/vecLib
0x000000000a14a000 	/System/Library/Frameworks/Accelerate.framework/Versions/A/Frameworks/vecLib.framework/Versions/A/libvDSP.dylib
0x000000000a14a000 	/System/Library/Frameworks/Accelerate.framework/Versions/A/Frameworks/vecLib.framework/Versions/A/libvMisc.dylib
0x000000000a14a000 	/System/Library/Frameworks/Accelerate.framework/Versions/A/Frameworks/vecLib.framework/Versions/A/libLAPACK.dylib
0x000000000a14a000 	/System/Library/Frameworks/Accelerate.framework/Versions/A/Frameworks/vecLib.framework/Versions/A/libBLAS.dylib
0x000000000a14a000 	/System/Library/Frameworks/Accelerate.framework/Versions/A/Frameworks/vecLib.framework/Versions/A/libLinearAlgebra.dylib
0x000000000a14a000 	/System/Library/Frameworks/ApplicationServices.framework/Versions/A/Frameworks/ATS.framework/Versions/A/Resources/libFontParser.dylib
0x000000000a14a000 	/System/Library/Frameworks/ApplicationServices.framework/Versions/A/Frameworks/ATS.framework/Versions/A/Resources/libFontRegistry.dylib
0x000000000a14a000 	/System/Library/PrivateFrameworks/AppleVPA.framework/Versions/A/AppleVPA
0x000000000a14a000 	/System/Library/PrivateFrameworks/AppleJPEG.framework/Versions/A/AppleJPEG
0x000000000a14a000 	/System/Library/Frameworks/ImageIO.framework/Versions/A/Resources/libJPEG.dylib
0x000000000a14a000 	/System/Library/Frameworks/ImageIO.framework/Versions/A/Resources/libTIFF.dylib
0x000000000a14a000 	/System/Library/Frameworks/ImageIO.framework/Versions/A/Resources/libPng.dylib
0x000000000a14a000 	/System/Library/Frameworks/ImageIO.framework/Versions/A/Resources/libGIF.dylib
0x000000000a14a000 	/System/Library/Frameworks/ImageIO.framework/Versions/A/Resources/libJP2.dylib
0x000000000a14a000 	/System/Library/Frameworks/ImageIO.framework/Versions/A/Resources/libRadiance.dylib
0x000000000a14a000 	/System/Library/Frameworks/CoreVideo.framework/Versions/A/CoreVideo
0x000000000a14a000 	/System/Library/Frameworks/OpenGL.framework/Versions/A/Libraries/libGLU.dylib
0x000000000a14a000 	/System/Library/Frameworks/OpenGL.framework/Versions/A/Libraries/libGFXShared.dylib
0x000000000a14a000 	/System/Library/Frameworks/OpenGL.framework/Versions/A/Libraries/libGL.dylib
0x000000000a14a000 	/System/Library/Frameworks/OpenGL.framework/Versions/A/Libraries/libGLImage.dylib
0x000000000a14a000 	/System/Library/Frameworks/OpenGL.framework/Versions/A/Libraries/libCVMSPluginSupport.dylib
0x000000000a14a000 	/System/Library/Frameworks/OpenGL.framework/Versions/A/Libraries/libCoreVMClient.dylib
0x000000000a14a000 	/usr/lib/libcups.2.dylib
0x000000000a14a000 	/System/Library/Frameworks/Kerberos.framework/Versions/A/Kerberos
0x000000000a14a000 	/System/Library/Frameworks/GSS.framework/Versions/A/GSS
0x000000000a14a000 	/usr/lib/libresolv.9.dylib
0x000000000a14a000 	/usr/lib/libiconv.2.dylib
0x000000000a14a000 	/System/Library/PrivateFrameworks/Heimdal.framework/Versions/A/Heimdal
0x000000000a14a000 	/usr/lib/libheimdal-asn1.dylib
0x000000000a14a000 	/System/Library/Frameworks/OpenDirectory.framework/Versions/A/OpenDirectory
0x000000000a14a000 	/System/Library/PrivateFrameworks/CommonAuth.framework/Versions/A/CommonAuth
0x000000000a14a000 	/System/Library/Frameworks/OpenDirectory.framework/Versions/A/Frameworks/CFOpenDirectory.framework/Versions/A/CFOpenDirectory
0x000000000a14a000 	/System/Library/Frameworks/SecurityFoundation.framework/Versions/A/SecurityFoundation
0x000000000a14a000 	/System/Library/PrivateFrameworks/LanguageModeling.framework/Versions/A/LanguageModeling
0x000000000a14a000 	/usr/lib/libcmph.dylib
0x000000000a14a000 	/System/Library/Frameworks/ServiceManagement.framework/Versions/A/ServiceManagement
0x000000000a14a000 	/usr/lib/libxslt.1.dylib
0x000000000a14a000 	/System/Library/Frameworks/Carbon.framework/Versions/A/Frameworks/Ink.framework/Versions/A/Ink
0x000000000a14a000 	/System/Library/Frameworks/QuartzCore.framework/Versions/A/Frameworks/CoreImage.framework/Versions/A/CoreImage
0x000000000a14a000 	/System/Library/PrivateFrameworks/CrashReporterSupport.framework/Versions/A/CrashReporterSupport
0x000000000a14a000 	/System/Library/Frameworks/OpenCL.framework/Versions/A/OpenCL
0x000000000a14a000 	/System/Library/PrivateFrameworks/FaceCore.framework/Versions/A/FaceCore
0x000000000a14a000 	/System/Library/PrivateFrameworks/Ubiquity.framework/Versions/A/Ubiquity
0x000000000a14a000 	/System/Library/PrivateFrameworks/IconServices.framework/Versions/A/IconServices
0x000000000a14a000 	/System/Library/PrivateFrameworks/ChunkingLibrary.framework/Versions/A/ChunkingLibrary
0x000000000a14a000 	/System/Library/PrivateFrameworks/Apple80211.framework/Versions/A/Apple80211
0x000000000a14a000 	/System/Library/Frameworks/CoreWLAN.framework/Versions/A/CoreWLAN
0x000000000a14a000 	/System/Library/Frameworks/IOBluetooth.framework/Versions/A/IOBluetooth
0x000000000a14a000 	/System/Library/PrivateFrameworks/CoreWiFi.framework/Versions/A/CoreWiFi
0x000000000a14a000 	/System/Library/Frameworks/CoreBluetooth.framework/Versions/A/CoreBluetooth
0x000000000a14a000 	/System/Library/PrivateFrameworks/DebugSymbols.framework/Versions/A/DebugSymbols
0x000000000a14a000 	/System/Library/PrivateFrameworks/CoreSymbolication.framework/Versions/A/CoreSymbolication
0x000000000a14a000 	/System/Library/PrivateFrameworks/Symbolication.framework/Versions/A/Symbolication
0x000000000a14a000 	/System/Library/PrivateFrameworks/SpeechRecognitionCore.framework/Versions/A/SpeechRecognitionCore
0x000000010d200000 	/Library/Java/JavaVirtualMachines/jdk1.8.0_20.jdk/Contents/Home/jre/lib/server/libjvm.dylib
0x000000000a14a000 	/usr/lib/libstdc++.6.dylib
0x000000010c189000 	/Library/Java/JavaVirtualMachines/jdk1.8.0_20.jdk/Contents/Home/jre/lib/libverify.dylib
0x000000010c197000 	/Library/Java/JavaVirtualMachines/jdk1.8.0_20.jdk/Contents/Home/jre/lib/libjava.dylib
0x000000010c1d5000 	/Library/Java/JavaVirtualMachines/jdk1.8.0_20.jdk/Contents/Home/jre/lib/libzip.dylib
0x0000000129cce000 	/System/Library/Frameworks/JavaVM.framework/Frameworks/JavaRuntimeSupport.framework/JavaRuntimeSupport
0x0000000129ce6000 	/System/Library/Frameworks/JavaVM.framework/Versions/A/Frameworks/JavaNativeFoundation.framework/Versions/A/JavaNativeFoundation
0x0000000129cfb000 	/System/Library/Frameworks/JavaVM.framework/Versions/A/JavaVM
0x000000000a14a000 	/System/Library/Frameworks/Carbon.framework/Versions/A/Carbon
0x0000000129d08000 	/System/Library/PrivateFrameworks/JavaLaunching.framework/Versions/A/JavaLaunching
0x000000000a14a000 	/System/Library/Frameworks/Carbon.framework/Versions/A/Frameworks/CommonPanels.framework/Versions/A/CommonPanels
0x000000000a14a000 	/System/Library/Frameworks/Carbon.framework/Versions/A/Frameworks/Help.framework/Versions/A/Help
0x000000000a14a000 	/System/Library/Frameworks/Carbon.framework/Versions/A/Frameworks/ImageCapture.framework/Versions/A/ImageCapture
0x000000000a14a000 	/System/Library/Frameworks/Carbon.framework/Versions/A/Frameworks/OpenScripting.framework/Versions/A/OpenScripting
0x000000000a14a000 	/System/Library/Frameworks/Carbon.framework/Versions/A/Frameworks/Print.framework/Versions/A/Print
0x000000000a14a000 	/System/Library/Frameworks/Carbon.framework/Versions/A/Frameworks/SecurityHI.framework/Versions/A/SecurityHI
0x000000012be58000 	/Applications/IntelliJ IDEA 15.app/Contents/bin/libbreakgen64.jnilib
0x000000012bfea000 	/Library/Java/JavaVirtualMachines/jdk1.8.0_20.jdk/Contents/Home/jre/lib/libnet.dylib
0x000000012c24f000 	/Library/Java/JavaVirtualMachines/jdk1.8.0_20.jdk/Contents/Home/jre/lib/libprism_es2.dylib
0x000000000a14a000 	/System/Library/Frameworks/OpenGL.framework/Versions/A/Resources/GLEngine.bundle/GLEngine
0x000000000a14a000 	/System/Library/Frameworks/OpenGL.framework/Versions/A/Libraries/libGLProgrammability.dylib
0x0000000000000000 	/System/Library/Extensions/AppleIntelHD4000GraphicsGLDriver.bundle/Contents/MacOS/AppleIntelHD4000GraphicsGLDriver
0x000000000a14a000 	/System/Library/PrivateFrameworks/IOAccelerator.framework/Versions/A/IOAccelerator
0x000000000a14a000 	/System/Library/PrivateFrameworks/GPUSupport.framework/Versions/A/Libraries/libGPUSupportMercury.dylib
0x0000000000000000 	/System/Library/Extensions/GeForceGLDriver.bundle/Contents/MacOS/GeForceGLDriver
0x000000000a14a000 	/System/Library/Extensions/GeForceGLDriver.bundle/Contents/MacOS/libclh.dylib
0x000000000a14a000 	/System/Library/Frameworks/OpenGL.framework/Versions/A/Resources/GLRendererFloat.bundle/GLRendererFloat
0x000000000a14a000 	/System/Library/Frameworks/OpenCL.framework/Versions/A/Libraries/libcldcpuengine.dylib
0x000000000a14a000 	/System/Library/PrivateFrameworks/DiskImages.framework/Versions/A/DiskImages
0x000000000a14a000 	/System/Library/Frameworks/DiscRecording.framework/Versions/A/DiscRecording
0x000000000a14a000 	/usr/lib/libcsfde.dylib
0x000000000a14a000 	/usr/lib/libcurl.4.dylib
0x000000000a14a000 	/System/Library/PrivateFrameworks/MediaKit.framework/Versions/A/MediaKit
0x000000000a14a000 	/System/Library/PrivateFrameworks/ProtectedCloudStorage.framework/Versions/A/ProtectedCloudStorage
0x000000000a14a000 	/usr/lib/libCoreStorage.dylib
0x000000000a14a000 	/System/Library/PrivateFrameworks/EFILogin.framework/Versions/A/EFILogin
0x000000000a14a000 	/usr/lib/libutil.dylib
0x000000000a14a000 	/System/Library/PrivateFrameworks/FindMyDevice.framework/Versions/A/FindMyDevice
0x000000000a14a000 	/System/Library/Frameworks/LDAP.framework/Versions/A/LDAP
0x000000000a14a000 	/usr/lib/libsasl2.2.dylib
0x000000000a14a000 	/System/Library/PrivateFrameworks/CoreDaemon.framework/Versions/B/CoreDaemon
0x000000000a14a000 	/usr/lib/libcrypto.0.9.8.dylib
0x000000000a14a000 	/System/Library/PrivateFrameworks/AppleSRP.framework/Versions/A/AppleSRP
0x000000000a14a000 	/System/Library/PrivateFrameworks/TrustEvaluationAgent.framework/Versions/A/TrustEvaluationAgent
0x000000012c93e000 	/Library/Java/JavaVirtualMachines/jdk1.8.0_20.jdk/Contents/Home/jre/lib/libglass.dylib
0x000000000a14a000 	/System/Library/PrivateFrameworks/CoreServicesInternal.framework/Versions/A/CoreServicesInternal
0x000000000a14a000 	/System/Library/PrivateFrameworks/CloudDocs.framework/Versions/A/CloudDocs
0x000000000a14a000 	/System/Library/PrivateFrameworks/CoreDuet.framework/Versions/A/CoreDuet
0x000000000a14a000 	/System/Library/Frameworks/CloudKit.framework/Versions/A/CloudKit
0x000000000a14a000 	/System/Library/PrivateFrameworks/ProtocolBuffer.framework/Versions/A/ProtocolBuffer
0x000000000a14a000 	/System/Library/PrivateFrameworks/CoreDuetDaemonProtocol.framework/Versions/A/CoreDuetDaemonProtocol
0x000000000a14a000 	/System/Library/PrivateFrameworks/CoreDuetDebugLogging.framework/Versions/A/CoreDuetDebugLogging
0x000000000a14a000 	/System/Library/PrivateFrameworks/MMCS.framework/Versions/A/MMCS
0x000000000a14a000 	/System/Library/Frameworks/CoreLocation.framework/Versions/A/CoreLocation
0x000000000a14a000 	/System/Library/PrivateFrameworks/GeoServices.framework/Versions/A/GeoServices
0x000000000a14a000 	/System/Library/Frameworks/CoreGraphics.framework/Versions/A/Resources/libCGCMS.A.dylib
0x000000000a14a000 	/System/Library/CoreServices/RawCamera.bundle/Contents/MacOS/RawCamera
0x000000000a14a000 	/System/Library/Frameworks/CoreGraphics.framework/Versions/A/Resources/libRIP.A.dylib
0x000000000a14a000 	/System/Library/PrivateFrameworks/FamilyControls.framework/Versions/A/FamilyControls
0x000000000a14a000 	/System/Library/PrivateFrameworks/CommerceKit.framework/Versions/A/Frameworks/CommerceCore.framework/Versions/A/CommerceCore
0x000000000a14a000 	/System/Library/PrivateFrameworks/SystemAdministration.framework/Versions/A/SystemAdministration
0x000000000a14a000 	/System/Library/PrivateFrameworks/AppContainer.framework/Versions/A/AppContainer
0x000000000a14a000 	/System/Library/PrivateFrameworks/SecCodeWrapper.framework/Versions/A/SecCodeWrapper
0x000000000a14a000 	/System/Library/Frameworks/DirectoryService.framework/Versions/A/DirectoryService
0x000000000a14a000 	/System/Library/PrivateFrameworks/LoginUIKit.framework/Versions/A/Frameworks/LoginUICore.framework/Versions/A/LoginUICore
0x000000000a14a000 	/usr/lib/libodfde.dylib
0x0000000130d4f000 	/Library/Java/JavaVirtualMachines/jdk1.8.0_20.jdk/Contents/Home/jre/lib/libawt.dylib
0x0000000130dfe000 	/Library/Java/JavaVirtualMachines/jdk1.8.0_20.jdk/Contents/Home/jre/lib/./libmlib_image.dylib
0x0000000130eca000 	/Library/Java/JavaVirtualMachines/jdk1.8.0_20.jdk/Contents/Home/jre/lib/libawt_lwawt.dylib
0x0000000130f7d000 	/Library/Java/JavaVirtualMachines/jdk1.8.0_20.jdk/Contents/Home/jre/lib/./libosxapp.dylib
0x000000000a14a000 	/System/Library/Frameworks/ExceptionHandling.framework/Versions/A/ExceptionHandling
0x0000000130f99000 	/Library/Java/JavaVirtualMachines/jdk1.8.0_20.jdk/Contents/Home/jre/lib/libnio.dylib
0x00000001313b4000 	/Library/Java/JavaVirtualMachines/jdk1.8.0_20.jdk/Contents/Home/jre/lib/libjavafx_font.dylib
0x000000000a14a000 	/System/Library/Frameworks/CoreGraphics.framework/Versions/A/Resources/libCGXType.A.dylib
0x0000000133cc7000 	/Library/Java/JavaVirtualMachines/jdk1.8.0_20.jdk/Contents/Home/jre/lib/libprism_common.dylib
0x0000000134f5e000 	cl_kernels
0x0000000134f60000 	/System/Library/Frameworks/OpenCL.framework/Versions/A/Libraries/ImageFormats/unorm8_bgra.dylib
0x0000000134f50000 	cl_kernels

VM Arguments:
jvm_args: -Didea.launcher.port=7533 -Didea.launcher.bin.path=/Applications/IntelliJ IDEA 15.app/Contents/bin -Dfile.encoding=UTF-8 
java_command: com.intellij.rt.execution.application.AppMain frontend.Main
java_class_path (initial): /Library/Java/JavaVirtualMachines/jdk1.8.0_20.jdk/Contents/Home/lib/ant-javafx.jar:/Library/Java/JavaVirtualMachines/jdk1.8.0_20.jdk/Contents/Home/lib/dt.jar:/Library/Java/JavaVirtualMachines/jdk1.8.0_20.jdk/Contents/Home/lib/javafx-mx.jar:/Library/Java/JavaVirtualMachines/jdk1.8.0_20.jdk/Contents/Home/lib/jconsole.jar:/Library/Java/JavaVirtualMachines/jdk1.8.0_20.jdk/Contents/Home/lib/sa-jdi.jar:/Library/Java/JavaVirtualMachines/jdk1.8.0_20.jdk/Contents/Home/lib/tools.jar:/Library/Java/JavaVirtualMachines/jdk1.8.0_20.jdk/Contents/Home/jre/lib/charsets.jar:/Library/Java/JavaVirtualMachines/jdk1.8.0_20.jdk/Contents/Home/jre/lib/deploy.jar:/Library/Java/JavaVirtualMachines/jdk1.8.0_20.jdk/Contents/Home/jre/lib/javaws.jar:/Library/Java/JavaVirtualMachines/jdk1.8.0_20.jdk/Contents/Home/jre/lib/jce.jar:/Library/Java/JavaVirtualMachines/jdk1.8.0_20.jdk/Contents/Home/jre/lib/jfr.jar:/Library/Java/JavaVirtualMachines/jdk1.8.0_20.jdk/Contents/Home/jre/lib/jfxswt.jar:/Library/Java/JavaVirtualMachines/jdk1.8.0_20.jdk/Contents/Home/jre/lib/jsse.jar:/Library/Java/JavaVirtualMachines/jdk1.8.0_20.jdk/Contents/Home/jre/lib/management-agent.jar:/Library/Java/JavaVirtualMachines/jdk1.8.0_20.jdk/Contents/Home/jre/lib/plugin.jar:/Library/Java/JavaVirtualMachines/jdk1.8.0_20.jdk/Contents/Home/jre/lib/resources.jar:/Library/Java/JavaVirtualMachines/jdk1.8.0_20.jdk/Contents/Home/jre/lib/rt.jar:/Library/Java/JavaVirtualMachines/jdk1.8.0_20.jdk/Contents/Home/jre/lib/ext/cldrdata.jar:/Library/Java/JavaVirtualMachines/jdk1.8.0_20.jdk/Contents/Home/jre/lib/ext/dnsns.jar:/Library/Java/JavaVirtualMachines/jdk1.8.0_20.jdk/Contents/Home/jre/lib/ext/jfxrt.jar:/Library/Java/JavaVirtualMachines/jdk1.8.0_20.jdk/Contents/Home/jre/lib/ext/localedata.jar:/Library/Java/JavaVirtualMachines/jdk1.8.0_20.jdk/Contents/Home/jre/lib/ext/nashorn.jar:/Library/Java/JavaVirtualMachines/jdk1.8.0_20.jdk/Contents/Home/jre/lib/ext/sunec.jar:/Library/Java/JavaVirtualMachines/jdk1.8.0_20.jdk/C
Launcher Type: SUN_STANDARD

Environment Variables:
JAVA_HOME=/Library/Java/JavaVirtualMachines/jdk1.8.0_20.jdk/Contents/Home
PATH=/Library/Frameworks/Python.framework/Versions/3.4/bin:/Library/Frameworks/Python.framework/Versions/3.4/bin:/opt/local/bin:/opt/local/sbin:/Library/Frameworks/Python.framework/Versions/2.7/bin:/Library/Frameworks/Python.framework/Versions/2.7/bin:/Library/Frameworks/Python.framework/Versions/2.7/bin:/Users/jonathanbrodie/Downloads/hazelcast-simulator-0.5/bin:/Users/jonathanbrodie/Downloads/apache-maven-3.3.3/bin:/opt/local/bin:/opt/local/sbin:/opt/local/bin:/opt/local/sbin:/usr/local/bin:/usr/bin:/bin:/usr/sbin:/sbin:/opt/X11/bin:/usr/local/git/bin
SHELL=/bin/bash
DISPLAY=/private/tmp/com.apple.launchd.dmT2A8bgDH/org.macosforge.xquartz:0

Signal Handlers:
SIGSEGV: [libjvm.dylib+0x578fd7], sa_mask[0]=11111111011111110111111111111111, sa_flags=SA_ONSTACK|SA_RESTART|SA_SIGINFO
SIGBUS: [libjvm.dylib+0x578fd7], sa_mask[0]=11111111011111110111111111111111, sa_flags=SA_RESTART|SA_SIGINFO
SIGFPE: [libjvm.dylib+0x45ab0c], sa_mask[0]=11111111011111110111111111111111, sa_flags=SA_RESTART|SA_SIGINFO
SIGPIPE: [libjvm.dylib+0x45ab0c], sa_mask[0]=11111111011111110111111111111111, sa_flags=SA_RESTART|SA_SIGINFO
SIGXFSZ: [libjvm.dylib+0x45ab0c], sa_mask[0]=11111111011111110111111111111111, sa_flags=SA_RESTART|SA_SIGINFO
SIGILL: [libjvm.dylib+0x45ab0c], sa_mask[0]=11111111011111110111111111111111, sa_flags=SA_RESTART|SA_SIGINFO
SIGUSR1: SIG_DFL, sa_mask[0]=00000000000000000000000000000000, sa_flags=none
SIGUSR2: [libjvm.dylib+0x45a62a], sa_mask[0]=00100000000000000000000000000000, sa_flags=SA_RESTART|SA_SIGINFO
SIGHUP: [libjvm.dylib+0x458bfd], sa_mask[0]=11111111011111110111111111111111, sa_flags=SA_RESTART|SA_SIGINFO
SIGINT: [libjvm.dylib+0x458bfd], sa_mask[0]=11111111011111110111111111111111, sa_flags=SA_RESTART|SA_SIGINFO
SIGTERM: [libjvm.dylib+0x458bfd], sa_mask[0]=11111111011111110111111111111111, sa_flags=SA_RESTART|SA_SIGINFO
SIGQUIT: [libjvm.dylib+0x458bfd], sa_mask[0]=11111111011111110111111111111111, sa_flags=SA_RESTART|SA_SIGINFO


---------------  S Y S T E M  ---------------

OS:Bsduname:Darwin 14.3.0 Darwin Kernel Version 14.3.0: Mon Mar 23 11:59:05 PDT 2015; root:xnu-2782.20.48~5/RELEASE_X86_64 x86_64
rlimit: STACK 8192k, CORE 0k, NPROC 709, NOFILE 10240, AS infinity
load average:2.96 2.58 2.46

CPU:total 8 (4 cores per cpu, 2 threads per core) family 6 model 58 stepping 9, cmov, cx8, fxsr, mmx, sse, sse2, sse3, ssse3, sse4.1, sse4.2, popcnt, avx, aes, clmul, erms, ht, tsc, tscinvbit, tscinv

Memory: 4k page, physical 16777216k(190592k free)

/proc/meminfo:


vm_info: Java HotSpot(TM) 64-Bit Server VM (25.20-b23) for bsd-amd64 JRE (1.8.0_20-b26), built on Jul 30 2014 13:37:47 by "java_re" with gcc 4.2.1 (Based on Apple Inc. build 5658) (LLVM build 2336.9.00)

time: Fri Dec 18 15:48:58 2015
elapsed time: 698 seconds (0d 0h 11m 38s)

